proguard/seeds.txt
com.rj.processing.plasmasound.PlasmaSound
com.rj.processing.plasmasound.PlasmaThereminEffectsSettings
com.rj.processing.plasmasound.PlasmaThereminSequencerSettings
com.rj.processing.plasmasound.PlasmaThereminAudioSettings
...
com.rj.processing.plasmasoundhd.pd.PDManager
org.puredata.core.PdReceiver$Adapter
org.puredata.core.PdMidiReceiver
org.puredata.core.PdReceiver
org.puredata.core.AudioStatListener
org.puredata.core.PdBase
org.puredata.core.utils.PdListener
org.puredata.core.utils.PdDispatcher
org.puredata.core.utils.IoUtils
org.puredata.core.utils.PdListener$Adapter
org.puredata.core.PdBase
org.puredata.core.PdBase: void clearSearchPath()
org.puredata.core.PdBase: void addToSearchPath(java.lang.String)
org.puredata.core.PdBase: void setReceiver(org.puredata.core.PdReceiver)
org.puredata.core.PdBase: int openAudio(int,int,int,int)
org.puredata.core.PdBase: int processRaw(float[],float[])
org.puredata.core.PdBase: int process(short[],short[])
org.puredata.core.PdBase: int process(float[],float[])
org.puredata.core.PdBase: int process(double[],double[])
org.puredata.core.PdBase: int arraySize(java.lang.String)
org.puredata.core.PdBase: boolean exists(java.lang.String)
org.puredata.core.PdBase: int sendBang(java.lang.String)
org.puredata.core.PdBase: int sendFloat(java.lang.String,float)
org.puredata.core.PdBase: int sendSymbol(java.lang.String,java.lang.String)
org.puredata.core.PdBase: int blockSize()
org.puredata.core.PdBase: void setMidiReceiver(org.puredata.core.PdMidiReceiver)
org.puredata.core.PdBase: int sendNoteOn(int,int,int)
org.puredata.core.PdBase: int sendControlChange(int,int,int)
org.puredata.core.PdBase: int sendProgramChange(int,int)
org.puredata.core.PdBase: int sendPitchBend(int,int)
org.puredata.core.PdBase: int sendAftertouch(int,int)
org.puredata.core.PdBase: int sendPolyAftertouch(int,int,int)
org.puredata.core.PdBase: int sendMidiByte(int,int)
org.puredata.core.PdBase: int sendSysex(int,int)
org.puredata.core.PdBase: int sendSysRealTime(int,int)
org.puredata.core.PdBase: void initialize()
org.puredata.core.utils.PdDispatcher
org.puredata.core.utils.PdDispatcher: void print(java.lang.String)
org.puredata.core.utils.PdDispatcher: void receiveBang(java.lang.String)
org.puredata.core.utils.PdDispatcher: void receiveFloat(java.lang.String,float)
org.puredata.core.utils.PdDispatcher: void receiveSymbol(java.lang.String,java.lang.String)
org.puredata.core.utils.PdDispatcher: void receiveList(java.lang.String,java.lang.Object[])
org.puredata.core.utils.PdDispatcher: void receiveMessage(java.lang.String,java.lang.String,java.lang.Object[])
org.puredata.core.PdReceiver$Adapter
org.puredata.core.PdReceiver$Adapter: void print(java.lang.String)
org.puredata.core.PdReceiver$Adapter: void receiveBang(java.lang.String)
org.puredata.core.PdReceiver$Adapter: void receiveFloat(java.lang.String,float)
org.puredata.core.PdReceiver$Adapter: void receiveSymbol(java.lang.String,java.lang.String)
org.puredata.core.PdReceiver$Adapter: void receiveList(java.lang.String,java.lang.Object[])
org.puredata.core.PdReceiver$Adapter: void receiveMessage(java.lang.String,java.lang.String,java.lang.Object[])
com.rj.processing.plasmasoundhd.pd.AudioStatListener
com.rj.processing.plasmasoundhd.pd.AudioStatListener: void print(java.lang.String)
com.rj.processing.plasmasoundhd.pd.AudioStatListener: void receiveBang(java.lang.String)
com.rj.processing.plasmasoundhd.pd.AudioStatListener: void receiveFloat(java.lang.String,float)
com.rj.processing.plasmasoundhd.pd.AudioStatListener: void receiveSymbol(java.lang.String,java.lang.String)
com.rj.processing.plasmasoundhd.pd.AudioStatListener: void receiveList(java.lang.String,java.lang.Object[])
com.rj.processing.plasmasoundhd.pd.AudioStatListener: void receiveMessage(java.lang.String,java.lang.String,java.lang.Object[])