proguard/mapping.txt
com.rj.processing.plasmasound.PlasmaSound -> com.rj.processing.plasmasound.PlasmaSound:
    com.rj.processing.mt.MTManager mtManager -> p
    com.rj.processing.plasmasoundhd.Visualization vis -> q
    com.rj.processing.plasmasoundhd.pd.PDManager pdman -> k
    com.rj.processing.plasmasoundhd.pd.instruments.Instrument inst -> l
    boolean touchupdated -> r
    boolean pdready -> m
    boolean startingup -> n
    java.lang.Runnable readyrunnable -> s
    android.view.View loadingview -> o
    android.os.AsyncTask asyncSetup -> t
    int sketchWidth() -> l
    int sketchHeight() -> m
    java.lang.String sketchRenderer() -> d
    boolean keepTitlebar() -> j
    void onCreate(android.os.Bundle) -> onCreate
    void setup() -> b
    boolean surfaceTouchEvent(android.view.MotionEvent) -> a
    void touchAllUp$5bb818bf() -> a_
    void touchDown(com.rj.processing.mt.Cursor) -> a
    void touchMoved(com.rj.processing.mt.Cursor) -> c
    void touchUp(com.rj.processing.mt.Cursor) -> b
    void draw() -> c
    void onResume() -> onResume
    void onPause() -> onPause
    void onDestroy() -> onDestroy
    boolean onCreateOptionsMenu(android.view.Menu) -> onCreateOptionsMenu
    boolean onMenuItemSelected(int,android.view.MenuItem) -> onMenuItemSelected
    void onActivityResult(int,int,android.content.Intent) -> onActivityResult
    void readSettings() -> e
    com.rj.processing.plasmasoundhd.pd.instruments.Instrument getInst() -> h
com.rj.processing.plasmasound.PlasmaSound$1 -> com.rj.processing.plasmasound.a:
    com.rj.processing.plasmasound.PlasmaSound this$0 -> a
    void run() -> run
com.rj.processing.plasmasound.PlasmaSound$1$1 -> com.rj.processing.plasmasound.c:
    com.rj.processing.plasmasound.PlasmaSound$1 this$1 -> a
    void run() -> run
com.rj.processing.plasmasound.PlasmaSound$2 -> com.rj.processing.plasmasound.b:
    com.rj.processing.plasmasound.PlasmaSound this$0 -> a
    void onPostExecute(java.lang.Object) -> onPostExecute
    java.lang.Object doInBackground(java.lang.Object[]) -> doInBackground
com.rj.processing.plasmasound.PlasmaThereminAudioSettings -> com.rj.processing.plasmasound.PlasmaThereminAudioSettings:
    void onCreate(android.os.Bundle) -> onCreate
    void onResume() -> onResume
com.rj.processing.plasmasound.PlasmaThereminEffectsSettings -> com.rj.processing.plasmasound.PlasmaThereminEffectsSettings:
    void onCreate(android.os.Bundle) -> onCreate
com.rj.processing.plasmasound.PlasmaThereminSequencerSettings -> com.rj.processing.plasmasound.PlasmaThereminSequencerSettings:
    void onCreate(android.os.Bundle) -> onCreate
    void onResume() -> onResume
...
com.noisepages.nettoyeur.bluetooth.midi.BluetoothMidiService -> com.noisepages.nettoyeur.bluetooth.midi.BluetoothMidiService:
    android.os.Binder binder -> a
    com.noisepages.nettoyeur.bluetooth.BluetoothSppConnection btConnection -> b
    com.noisepages.nettoyeur.bluetooth.midi.BluetoothMidiReceiver receiver -> c
    com.noisepages.nettoyeur.bluetooth.midi.BluetoothMidiService$State midiState -> d
    int channel -> e
    int firstByte -> f
    com.noisepages.nettoyeur.bluetooth.BluetoothSppReceiver sppReceiver -> g
    int[] $SWITCH_TABLE$com$noisepages$nettoyeur$bluetooth$midi$BluetoothMidiService$State -> h
    android.os.IBinder onBind(android.content.Intent) -> onBind
    boolean onUnbind(android.content.Intent) -> onUnbind
    void onDestroy() -> onDestroy
    void stop() -> a
    void access$0(com.noisepages.nettoyeur.bluetooth.midi.BluetoothMidiService,int) -> a
    com.noisepages.nettoyeur.bluetooth.midi.BluetoothMidiReceiver access$1(com.noisepages.nettoyeur.bluetooth.midi.BluetoothMidiService) -> a
    int[] $SWITCH_TABLE$com$noisepages$nettoyeur$bluetooth$midi$BluetoothMidiService$State() -> b
com.noisepages.nettoyeur.bluetooth.midi.BluetoothMidiService$1 -> com.noisepages.nettoyeur.bluetooth.midi.c:
    com.noisepages.nettoyeur.bluetooth.midi.BluetoothMidiService this$0 -> a
    void onBytesReceived(int,byte[]) -> a
    void onConnectionFailed() -> a
    void onConnectionLost() -> b
com.noisepages.nettoyeur.bluetooth.midi.BluetoothMidiService$BluetoothMidiBinder -> com.noisepages.nettoyeur.bluetooth.midi.d:
    com.noisepages.nettoyeur.bluetooth.midi.BluetoothMidiService this$0 -> a
com.noisepages.nettoyeur.bluetooth.midi.BluetoothMidiService$State -> com.noisepages.nettoyeur.bluetooth.midi.b:
    com.noisepages.nettoyeur.bluetooth.midi.BluetoothMidiService$State NOTE_OFF -> a
    com.noisepages.nettoyeur.bluetooth.midi.BluetoothMidiService$State NOTE_ON -> b
    com.noisepages.nettoyeur.bluetooth.midi.BluetoothMidiService$State POLY_TOUCH -> c
    com.noisepages.nettoyeur.bluetooth.midi.BluetoothMidiService$State CONTROL_CHANGE -> d
    com.noisepages.nettoyeur.bluetooth.midi.BluetoothMidiService$State PROGRAM_CHANGE -> e
    com.noisepages.nettoyeur.bluetooth.midi.BluetoothMidiService$State AFTERTOUCH -> f
    com.noisepages.nettoyeur.bluetooth.midi.BluetoothMidiService$State PITCH_BEND -> g
    com.noisepages.nettoyeur.bluetooth.midi.BluetoothMidiService$State NONE -> h
    com.noisepages.nettoyeur.bluetooth.midi.BluetoothMidiService$State[] ENUM$VALUES -> i
    com.noisepages.nettoyeur.bluetooth.midi.BluetoothMidiService$State[] values() -> values
    com.noisepages.nettoyeur.bluetooth.midi.BluetoothMidiService$State valueOf(java.lang.String) -> valueOf
com.rj.processing.mt.Cursor -> com.rj.processing.a.c:
    com.rj.processing.mt.Point firstPoint -> a
    java.util.ArrayList points -> b
    com.rj.processing.mt.Point currentPoint -> c
    int curId -> d
    float velX -> e
    float velY -> f
com.rj.processing.mt.MTManager -> com.rj.processing.a.b:
    java.util.ArrayList points -> b
    java.util.ArrayList cursors -> a
    java.util.ArrayList listeners -> c
    void addTouchListener(com.rj.processing.mt.TouchListener) -> a
    void surfaceTouchEvent(android.view.MotionEvent) -> a
    void fireTouchAllUp$1e7df18c$5bb818bf() -> a
com.rj.processing.mt.Point -> com.rj.processing.a.d:
    float x -> a
    float y -> b
    long time -> c
com.rj.processing.mt.TouchListener -> com.rj.processing.a.a:
    void touchDown(com.rj.processing.mt.Cursor) -> a
    void touchUp(com.rj.processing.mt.Cursor) -> b
    void touchMoved(com.rj.processing.mt.Cursor) -> c
    void touchAllUp$5bb818bf() -> a_