proguard/usage.txt
com.rj.processing.plasmasound.PlasmaSound:
    public static final java.lang.String SHARED_PREFERENCES_AUDIO
    public static final java.lang.String PATCH_PATH
    264:266:public void waveformEditor()
com.rj.processing.plasmasound.R
com.rj.processing.plasmasound.R$array
com.rj.processing.plasmasound.R$attr
com.rj.processing.plasmasound.R$drawable
com.rj.processing.plasmasound.R$id
com.rj.processing.plasmasound.R$layout
com.rj.processing.plasmasound.R$menu
com.rj.processing.plasmasound.R$raw
com.rj.processing.plasmasound.R$string
com.rj.processing.plasmasound.R$style
com.rj.processing.plasmasound.R$xml
...
com.rj.processing.mt.R$layout
com.rj.processing.mt.R$menu
com.rj.processing.mt.R$raw
com.rj.processing.mt.R$string
com.rj.processing.mt.R$style
com.rj.processing.mt.R$xml
com.rj.processing.plasmasoundhd.PDActivity:
    public static final java.lang.String SHARED_PREFERENCES_AUDIO
    public static final java.lang.String SHARED_PREFERENCES_APPSTUFF
    336:338:public void waveformEditor()
com.rj.processing.plasmasoundhd.Utils
com.rj.processing.plasmasoundhd.Visualization:
    27:28:public void removeVisuals(com.rj.processing.plasmasoundhd.visuals.Visual)
com.rj.processing.plasmasoundhd.pd.PDManager:
    private static final int SAMPLE_RATE
    private static final java.lang.String TAG
    92:93:public void onDestroy()
com.rj.processing.plasmasoundhd.pd.effects.ASDR:
    public static final java.lang.String ATTACK
    public static final java.lang.String SUSTAIN
    public static final java.lang.String DECAY
    public static final java.lang.String RELEASE
com.rj.processing.plasmasoundhd.pd.effects.Delay:
    public static final java.lang.String DELAY_TIME
    public static final java.lang.String DELAY_FEEDBACK
com.rj.processing.plasmasoundhd.pd.effects.Effect:
    protected static final int MAX_INDEX
    31:31:public void initEffect()
    68:68:public void allUp()
    71:72:public void updateSettings(android.content.SharedPreferences)
com.rj.processing.plasmasoundhd.pd.effects.EffectsManager
com.rj.processing.plasmasoundhd.pd.effects.Filter:
    public static final java.lang.String FILT
com.rj.processing.plasmasoundhd.pd.effects.Reverb:
    public static final java.lang.String REVERB_TIME
    public static final java.lang.String REVERB_FEEDBACK
com.rj.processing.plasmasoundhd.pd.effects.SequencerStuff:
    public static final java.lang.String LOWNOTE
    public static final java.lang.String STEPS
    public static final java.lang.String BPM
    public static final java.lang.String NOTES
    public static final java.lang.String SCALE
com.rj.processing.plasmasoundhd.pd.effects.Tremolo:
    public static final java.lang.String SPEED
    public static final java.lang.String DEPTH
com.rj.processing.plasmasoundhd.pd.effects.Vibrato:
    public static final java.lang.String SPEED
    public static final java.lang.String DEPTH
com.rj.processing.plasmasoundhd.pd.effects.Volume:
    public static final java.lang.String AMP_GLOBAL
    public static final java.lang.String AMP
    public static final java.lang.String ON
    public static final java.lang.String OFF
com.rj.processing.plasmasoundhd.pd.instruments.Instrument:
    private static final java.lang.String MIDI_MIN
    private static final java.lang.String MIDI_MAX
    private static final java.lang.String WAVEFORM
    private static final java.lang.String QUANTIZE
    private static final java.lang.String QUAT_CONTINUOUS
    private static final java.lang.String QUAT_QUANTIZE
    private static final java.lang.String QUAT_SLIDE
    149:153:public void setPitch(float)
    215:216:public void updateSettingsFromJSON(org.json.JSONObject)
    278:279:public void cleanup()
com.rj.processing.plasmasoundhd.pd.instruments.JSONPresets:
    81:86:public org.json.JSONObject getCurrent(android.content.Context)
    93:114:public org.json.JSONObject readFromPreferences(android.content.Context)
com.rj.processing.plasmasoundhd.pd.instruments.NonPDParameter:
    30:30:public float getLastValue()
com.rj.processing.plasmasoundhd.pd.instruments.Parameter:
    public static final int CONTINUOUS
    54:54:public float getMin()
    58:58:public float getMax()
    62:63:public void setEnabled(boolean)
    66:66:public boolean isEnabled()
    161:161:public float getLastValue()
com.rj.processing.plasmasoundhd.pd.instruments.Preset
com.rj.processing.plasmasoundhd.pd.instruments.Preset$1
com.rj.processing.plasmasoundhd.pd.instruments.Preset$2
com.rj.processing.plasmasoundhd.pd.instruments.Preset$3
com.rj.processing.plasmasoundhd.pd.instruments.Preset$4